[2023-04-03 23:02:38,159][INFO] start training!
[2023-04-03 23:02:38,159][INFO] GFLOPs: 14.28 GMac
[2023-04-03 23:02:38,159][INFO] Params: 1.29 M
[2023-04-03 23:02:38,165][INFO] Epoch 1/40
[2023-04-03 23:02:38,165][INFO] ------------------------------
[2023-04-03 23:03:32,800][INFO] [50/423] loss: 0.9037 cls_loss: 0.0073 loc_loss:0.8965 lr_backbone:0.000300time:0m 55s 
[2023-04-03 23:04:28,110][INFO] [100/423] loss: 0.8759 cls_loss: 0.0066 loc_loss:0.8693 lr_backbone:0.000300time:0m 55s 
[2023-04-03 23:05:25,623][INFO] [150/423] loss: 0.8758 cls_loss: 0.0071 loc_loss:0.8687 lr_backbone:0.000300time:0m 58s 
[2023-04-03 23:06:27,622][INFO] [200/423] loss: 0.8871 cls_loss: 0.0068 loc_loss:0.8803 lr_backbone:0.000300time:1m 2s 
[2023-04-03 23:07:29,205][INFO] [250/423] loss: 0.8740 cls_loss: 0.0070 loc_loss:0.8670 lr_backbone:0.000300time:1m 2s 
[2023-04-03 23:08:49,217][INFO] [300/423] loss: 0.8679 cls_loss: 0.0063 loc_loss:0.8615 lr_backbone:0.000300time:1m 20s 
[2023-04-03 23:09:45,533][INFO] [350/423] loss: 0.8902 cls_loss: 0.0076 loc_loss:0.8827 lr_backbone:0.000300time:0m 56s 
[2023-04-03 23:10:41,589][INFO] [400/423] loss: 0.8779 cls_loss: 0.0064 loc_loss:0.8714 lr_backbone:0.000300time:0m 56s 
[2023-04-03 23:11:06,927][INFO] Epoch[1/40] Loss: 0.8819  lr_backbone:0.000300 time:8m 29s
[2023-04-03 23:11:06,927][INFO] Epoch 2/40
[2023-04-03 23:11:06,927][INFO] ------------------------------
[2023-04-03 23:12:06,668][INFO] [50/423] loss: 0.8759 cls_loss: 0.0071 loc_loss:0.8689 lr_backbone:0.000300time:0m 60s 
[2023-04-03 23:13:04,102][INFO] [100/423] loss: 0.8668 cls_loss: 0.0070 loc_loss:0.8599 lr_backbone:0.000300time:0m 57s 
[2023-04-03 23:14:02,303][INFO] [150/423] loss: 0.8723 cls_loss: 0.0073 loc_loss:0.8649 lr_backbone:0.000300time:0m 58s 
[2023-04-03 23:15:02,446][INFO] [200/423] loss: 0.8614 cls_loss: 0.0068 loc_loss:0.8546 lr_backbone:0.000300time:1m 0s 
[2023-04-03 23:16:42,095][INFO] [250/423] loss: 0.8547 cls_loss: 0.0064 loc_loss:0.8483 lr_backbone:0.000300time:1m 40s 
[2023-04-03 23:17:40,380][INFO] [300/423] loss: 0.8724 cls_loss: 0.0081 loc_loss:0.8643 lr_backbone:0.000300time:0m 58s 
[2023-04-03 23:18:36,797][INFO] [350/423] loss: 0.8722 cls_loss: 0.0067 loc_loss:0.8655 lr_backbone:0.000300time:0m 56s 
[2023-04-03 23:19:33,585][INFO] [400/423] loss: 0.8668 cls_loss: 0.0063 loc_loss:0.8605 lr_backbone:0.000300time:0m 57s 
[2023-04-03 23:19:59,756][INFO] Epoch[2/40] Loss: 0.8673  lr_backbone:0.000300 time:17m 22s
[2023-04-03 23:19:59,756][INFO] Epoch 3/40
[2023-04-03 23:19:59,756][INFO] ------------------------------
[2023-04-03 23:21:01,288][INFO] [50/423] loss: 0.8620 cls_loss: 0.0068 loc_loss:0.8552 lr_backbone:0.000298time:1m 2s 
[2023-04-03 23:21:57,721][INFO] [100/423] loss: 0.8745 cls_loss: 0.0072 loc_loss:0.8673 lr_backbone:0.000298time:0m 56s 
[2023-04-03 23:22:54,778][INFO] [150/423] loss: 0.8997 cls_loss: 0.0075 loc_loss:0.8922 lr_backbone:0.000298time:0m 57s 
[2023-04-03 23:23:56,931][INFO] [200/423] loss: 0.8729 cls_loss: 0.0065 loc_loss:0.8664 lr_backbone:0.000298time:1m 2s 
[2023-04-03 23:25:08,271][INFO] [250/423] loss: 0.8684 cls_loss: 0.0073 loc_loss:0.8611 lr_backbone:0.000298time:1m 11s 
[2023-04-03 23:26:04,301][INFO] [300/423] loss: 0.8784 cls_loss: 0.0065 loc_loss:0.8718 lr_backbone:0.000298time:0m 56s 
[2023-04-03 23:27:00,728][INFO] [350/423] loss: 0.8633 cls_loss: 0.0067 loc_loss:0.8567 lr_backbone:0.000298time:0m 56s 
[2023-04-03 23:27:57,603][INFO] [400/423] loss: 0.8869 cls_loss: 0.0065 loc_loss:0.8805 lr_backbone:0.000298time:0m 57s 
[2023-04-03 23:28:23,677][INFO] Epoch[3/40] Loss: 0.8762  lr_backbone:0.000298 time:25m 46s
[2023-04-03 23:28:23,678][INFO] Epoch 4/40
[2023-04-03 23:28:23,679][INFO] ------------------------------
[2023-04-03 23:29:23,742][INFO] [50/423] loss: 0.8580 cls_loss: 0.0063 loc_loss:0.8517 lr_backbone:0.000296time:1m 0s 
[2023-04-03 23:30:20,316][INFO] [100/423] loss: 0.8929 cls_loss: 0.0067 loc_loss:0.8861 lr_backbone:0.000296time:0m 57s 
[2023-04-03 23:31:16,966][INFO] [150/423] loss: 0.8707 cls_loss: 0.0068 loc_loss:0.8639 lr_backbone:0.000296time:0m 57s 
[2023-04-03 23:32:13,760][INFO] [200/423] loss: 0.8610 cls_loss: 0.0065 loc_loss:0.8545 lr_backbone:0.000296time:0m 57s 
[2023-04-03 23:33:10,442][INFO] [250/423] loss: 0.8817 cls_loss: 0.0070 loc_loss:0.8747 lr_backbone:0.000296time:0m 57s 
[2023-04-03 23:34:06,092][INFO] [300/423] loss: 0.8478 cls_loss: 0.0073 loc_loss:0.8405 lr_backbone:0.000296time:0m 56s 
[2023-04-03 23:35:02,717][INFO] [350/423] loss: 0.8556 cls_loss: 0.0067 loc_loss:0.8489 lr_backbone:0.000296time:0m 57s 
[2023-04-03 23:35:58,452][INFO] [400/423] loss: 0.8586 cls_loss: 0.0066 loc_loss:0.8520 lr_backbone:0.000296time:0m 56s 
[2023-04-03 23:36:24,618][INFO] Epoch[4/40] Loss: 0.8659  lr_backbone:0.000296 time:33m 46s
[2023-04-03 23:36:24,618][INFO] Epoch 5/40
[2023-04-03 23:36:24,618][INFO] ------------------------------
[2023-04-03 23:37:33,104][INFO] [50/423] loss: 0.8697 cls_loss: 0.0069 loc_loss:0.8629 lr_backbone:0.000293time:1m 8s 
[2023-04-03 23:38:37,590][INFO] [100/423] loss: 0.8635 cls_loss: 0.0065 loc_loss:0.8570 lr_backbone:0.000293time:1m 4s 
[2023-04-03 23:39:39,735][INFO] [150/423] loss: 0.8592 cls_loss: 0.0066 loc_loss:0.8526 lr_backbone:0.000293time:1m 2s 
[2023-04-03 23:40:46,335][INFO] [200/423] loss: 0.8789 cls_loss: 0.0064 loc_loss:0.8724 lr_backbone:0.000293time:1m 7s 
[2023-04-03 23:41:49,005][INFO] [250/423] loss: 0.8485 cls_loss: 0.0070 loc_loss:0.8416 lr_backbone:0.000293time:1m 3s 
[2023-04-03 23:43:00,504][INFO] [300/423] loss: 0.8663 cls_loss: 0.0065 loc_loss:0.8598 lr_backbone:0.000293time:1m 11s 
[2023-04-03 23:44:09,436][INFO] [350/423] loss: 0.8461 cls_loss: 0.0064 loc_loss:0.8397 lr_backbone:0.000293time:1m 9s 
[2023-04-03 23:45:13,998][INFO] [400/423] loss: 0.8509 cls_loss: 0.0076 loc_loss:0.8433 lr_backbone:0.000293time:1m 5s 
[2023-04-03 23:45:42,612][INFO] Epoch[5/40] Loss: 0.8606  lr_backbone:0.000293 time:43m 4s
[2023-04-03 23:45:42,613][INFO] Epoch 6/40
[2023-04-03 23:45:42,613][INFO] ------------------------------
[2023-04-03 23:46:50,063][INFO] [50/423] loss: 0.8682 cls_loss: 0.0073 loc_loss:0.8610 lr_backbone:0.000289time:1m 7s 
[2023-04-03 23:47:56,173][INFO] [100/423] loss: 0.8689 cls_loss: 0.0069 loc_loss:0.8620 lr_backbone:0.000289time:1m 6s 
[2023-04-03 23:49:03,576][INFO] [150/423] loss: 0.8650 cls_loss: 0.0063 loc_loss:0.8587 lr_backbone:0.000289time:1m 7s 
[2023-04-03 23:50:10,195][INFO] [200/423] loss: 0.8573 cls_loss: 0.0069 loc_loss:0.8504 lr_backbone:0.000289time:1m 7s 
[2023-04-03 23:51:21,019][INFO] [250/423] loss: 0.8668 cls_loss: 0.0068 loc_loss:0.8601 lr_backbone:0.000289time:1m 11s 
[2023-04-03 23:52:30,772][INFO] [300/423] loss: 0.8472 cls_loss: 0.0069 loc_loss:0.8403 lr_backbone:0.000289time:1m 10s 
[2023-04-03 23:53:40,975][INFO] [350/423] loss: 0.8707 cls_loss: 0.0065 loc_loss:0.8642 lr_backbone:0.000289time:1m 10s 
[2023-04-03 23:54:47,809][INFO] [400/423] loss: 0.8486 cls_loss: 0.0064 loc_loss:0.8422 lr_backbone:0.000289time:1m 7s 
[2023-04-03 23:55:20,551][INFO] Epoch[6/40] Loss: 0.8605  lr_backbone:0.000289 time:52m 42s
[2023-04-03 23:55:20,552][INFO] Epoch 7/40
[2023-04-03 23:55:20,552][INFO] ------------------------------
[2023-04-03 23:56:33,114][INFO] [50/423] loss: 0.8471 cls_loss: 0.0070 loc_loss:0.8401 lr_backbone:0.000284time:1m 13s 
[2023-04-03 23:57:39,630][INFO] [100/423] loss: 0.8466 cls_loss: 0.0061 loc_loss:0.8404 lr_backbone:0.000284time:1m 7s 
[2023-04-03 23:58:47,845][INFO] [150/423] loss: 0.8601 cls_loss: 0.0067 loc_loss:0.8534 lr_backbone:0.000284time:1m 8s 
[2023-04-03 23:59:55,607][INFO] [200/423] loss: 0.8287 cls_loss: 0.0064 loc_loss:0.8223 lr_backbone:0.000284time:1m 8s 
[2023-04-04 00:01:01,334][INFO] [250/423] loss: 0.8338 cls_loss: 0.0059 loc_loss:0.8278 lr_backbone:0.000284time:1m 6s 
[2023-04-04 00:02:08,301][INFO] [300/423] loss: 0.8353 cls_loss: 0.0067 loc_loss:0.8286 lr_backbone:0.000284time:1m 7s 
[2023-04-04 00:03:13,308][INFO] [350/423] loss: 0.8589 cls_loss: 0.0068 loc_loss:0.8521 lr_backbone:0.000284time:1m 5s 
[2023-04-04 00:04:23,286][INFO] [400/423] loss: 0.8246 cls_loss: 0.0063 loc_loss:0.8183 lr_backbone:0.000284time:1m 10s 
[2023-04-04 00:04:54,200][INFO] Epoch[7/40] Loss: 0.8419  lr_backbone:0.000284 time:62m 16s
[2023-04-04 00:04:54,200][INFO] Epoch 8/40
[2023-04-04 00:04:54,200][INFO] ------------------------------
[2023-04-04 00:06:08,503][INFO] [50/423] loss: 0.8518 cls_loss: 0.0070 loc_loss:0.8449 lr_backbone:0.000278time:1m 14s 
[2023-04-04 00:07:18,309][INFO] [100/423] loss: 0.8311 cls_loss: 0.0060 loc_loss:0.8251 lr_backbone:0.000278time:1m 10s 
[2023-04-04 00:08:26,119][INFO] [150/423] loss: 0.8234 cls_loss: 0.0063 loc_loss:0.8171 lr_backbone:0.000278time:1m 8s 
[2023-04-04 00:09:33,253][INFO] [200/423] loss: 0.8557 cls_loss: 0.0066 loc_loss:0.8491 lr_backbone:0.000278time:1m 7s 
[2023-04-04 00:10:33,858][INFO] [250/423] loss: 0.8562 cls_loss: 0.0066 loc_loss:0.8497 lr_backbone:0.000278time:1m 1s 
[2023-04-04 00:11:36,826][INFO] [300/423] loss: 0.8537 cls_loss: 0.0079 loc_loss:0.8459 lr_backbone:0.000278time:1m 3s 
[2023-04-04 00:12:37,188][INFO] [350/423] loss: 0.8641 cls_loss: 0.0064 loc_loss:0.8577 lr_backbone:0.000278time:1m 0s 
[2023-04-04 00:13:37,214][INFO] [400/423] loss: 0.8410 cls_loss: 0.0065 loc_loss:0.8345 lr_backbone:0.000278time:1m 0s 
[2023-04-04 00:14:04,390][INFO] Epoch[8/40] Loss: 0.8466  lr_backbone:0.000278 time:71m 26s
[2023-04-04 00:14:04,390][INFO] Epoch 9/40
[2023-04-04 00:14:04,390][INFO] ------------------------------
[2023-04-04 00:15:08,999][INFO] [50/423] loss: 0.8458 cls_loss: 0.0071 loc_loss:0.8387 lr_backbone:0.000272time:1m 5s 
[2023-04-04 00:16:09,592][INFO] [100/423] loss: 0.8516 cls_loss: 0.0070 loc_loss:0.8446 lr_backbone:0.000272time:1m 1s 
[2023-04-04 00:17:09,602][INFO] [150/423] loss: 0.8705 cls_loss: 0.0068 loc_loss:0.8637 lr_backbone:0.000272time:1m 0s 
[2023-04-04 00:18:08,881][INFO] [200/423] loss: 0.8472 cls_loss: 0.0065 loc_loss:0.8406 lr_backbone:0.000272time:0m 59s 
[2023-04-04 00:19:08,391][INFO] [250/423] loss: 0.8510 cls_loss: 0.0068 loc_loss:0.8442 lr_backbone:0.000272time:0m 60s 
[2023-04-04 00:20:07,826][INFO] [300/423] loss: 0.8313 cls_loss: 0.0065 loc_loss:0.8247 lr_backbone:0.000272time:0m 59s 
[2023-04-04 00:21:14,805][INFO] [350/423] loss: 0.8494 cls_loss: 0.0060 loc_loss:0.8434 lr_backbone:0.000272time:1m 7s 
[2023-04-04 00:22:15,875][INFO] [400/423] loss: 0.8541 cls_loss: 0.0067 loc_loss:0.8474 lr_backbone:0.000272time:1m 1s 
[2023-04-04 00:22:43,154][INFO] Epoch[9/40] Loss: 0.8492  lr_backbone:0.000272 time:80m 5s
[2023-04-04 00:22:43,155][INFO] Epoch 10/40
[2023-04-04 00:22:43,155][INFO] ------------------------------
[2023-04-04 00:23:50,614][INFO] [50/423] loss: 0.8289 cls_loss: 0.0060 loc_loss:0.8229 lr_backbone:0.000265time:1m 7s 
[2023-04-04 00:24:51,488][INFO] [100/423] loss: 0.8551 cls_loss: 0.0067 loc_loss:0.8483 lr_backbone:0.000265time:1m 1s 
[2023-04-04 00:25:52,539][INFO] [150/423] loss: 0.8289 cls_loss: 0.0070 loc_loss:0.8220 lr_backbone:0.000265time:1m 1s 
[2023-04-04 00:26:53,348][INFO] [200/423] loss: 0.7886 cls_loss: 0.0062 loc_loss:0.7823 lr_backbone:0.000265time:1m 1s 
[2023-04-04 00:27:58,641][INFO] [250/423] loss: 0.8151 cls_loss: 0.0067 loc_loss:0.8084 lr_backbone:0.000265time:1m 5s 
[2023-04-04 00:29:03,989][INFO] [300/423] loss: 0.8249 cls_loss: 0.0061 loc_loss:0.8187 lr_backbone:0.000265time:1m 5s 
[2023-04-04 00:30:09,135][INFO] [350/423] loss: 0.8123 cls_loss: 0.0062 loc_loss:0.8060 lr_backbone:0.000265time:1m 5s 
[2023-04-04 00:31:14,320][INFO] [400/423] loss: 0.8278 cls_loss: 0.0063 loc_loss:0.8215 lr_backbone:0.000265time:1m 5s 
[2023-04-04 00:31:45,666][INFO] Epoch[10/40] Loss: 0.8226  lr_backbone:0.000265 time:89m 8s
[2023-04-04 00:31:45,666][INFO] Epoch 11/40
[2023-04-04 00:31:45,666][INFO] ------------------------------
[2023-04-04 00:32:55,202][INFO] [50/423] loss: 0.8332 cls_loss: 0.0064 loc_loss:0.8268 lr_backbone:0.000257time:1m 10s 
[2023-04-04 00:33:59,561][INFO] [100/423] loss: 0.8126 cls_loss: 0.0062 loc_loss:0.8065 lr_backbone:0.000257time:1m 4s 
[2023-04-04 00:35:09,901][INFO] [150/423] loss: 0.8171 cls_loss: 0.0064 loc_loss:0.8107 lr_backbone:0.000257time:1m 10s 
[2023-04-04 00:36:13,467][INFO] [200/423] loss: 0.8394 cls_loss: 0.0071 loc_loss:0.8323 lr_backbone:0.000257time:1m 4s 
[2023-04-04 00:37:23,722][INFO] [250/423] loss: 0.8301 cls_loss: 0.0062 loc_loss:0.8239 lr_backbone:0.000257time:1m 10s 
[2023-04-04 00:38:30,727][INFO] [300/423] loss: 0.8111 cls_loss: 0.0064 loc_loss:0.8047 lr_backbone:0.000257time:1m 7s 
[2023-04-04 00:39:35,702][INFO] [350/423] loss: 0.8107 cls_loss: 0.0061 loc_loss:0.8047 lr_backbone:0.000257time:1m 5s 
[2023-04-04 00:40:45,250][INFO] [400/423] loss: 0.8034 cls_loss: 0.0060 loc_loss:0.7974 lr_backbone:0.000257time:1m 10s 
[2023-04-04 00:41:12,620][INFO] Epoch[11/40] Loss: 0.8197  lr_backbone:0.000257 time:98m 34s
[2023-04-04 00:41:12,620][INFO] Epoch 12/40
[2023-04-04 00:41:12,620][INFO] ------------------------------
[2023-04-04 00:42:20,215][INFO] [50/423] loss: 0.8379 cls_loss: 0.0063 loc_loss:0.8316 lr_backbone:0.000248time:1m 8s 
[2023-04-04 00:43:24,895][INFO] [100/423] loss: 0.8191 cls_loss: 0.0065 loc_loss:0.8126 lr_backbone:0.000248time:1m 5s 
[2023-04-04 00:44:24,044][INFO] [150/423] loss: 0.8266 cls_loss: 0.0062 loc_loss:0.8204 lr_backbone:0.000248time:0m 59s 
[2023-04-04 00:45:24,041][INFO] [200/423] loss: 0.8228 cls_loss: 0.0061 loc_loss:0.8167 lr_backbone:0.000248time:0m 60s 
[2023-04-04 00:46:23,764][INFO] [250/423] loss: 0.8132 cls_loss: 0.0066 loc_loss:0.8065 lr_backbone:0.000248time:0m 60s 
[2023-04-04 00:47:23,696][INFO] [300/423] loss: 0.8339 cls_loss: 0.0063 loc_loss:0.8276 lr_backbone:0.000248time:0m 60s 
[2023-04-04 00:48:24,411][INFO] [350/423] loss: 0.8252 cls_loss: 0.0062 loc_loss:0.8190 lr_backbone:0.000248time:1m 1s 
[2023-04-04 00:49:24,368][INFO] [400/423] loss: 0.8123 cls_loss: 0.0066 loc_loss:0.8057 lr_backbone:0.000248time:0m 60s 
[2023-04-04 00:49:51,896][INFO] Epoch[12/40] Loss: 0.8245  lr_backbone:0.000248 time:107m 14s
[2023-04-04 00:49:51,897][INFO] Epoch 13/40
[2023-04-04 00:49:51,897][INFO] ------------------------------
[2023-04-04 00:50:56,278][INFO] [50/423] loss: 0.8667 cls_loss: 0.0068 loc_loss:0.8599 lr_backbone:0.000239time:1m 4s 
[2023-04-04 00:51:56,119][INFO] [100/423] loss: 0.8883 cls_loss: 0.0071 loc_loss:0.8812 lr_backbone:0.000239time:0m 60s 
[2023-04-04 00:53:01,537][INFO] [150/423] loss: 0.8827 cls_loss: 0.0062 loc_loss:0.8765 lr_backbone:0.000239time:1m 5s 
[2023-04-04 00:54:07,936][INFO] [200/423] loss: 0.8805 cls_loss: 0.0069 loc_loss:0.8736 lr_backbone:0.000239time:1m 6s 
[2023-04-04 00:55:16,745][INFO] [250/423] loss: 0.8643 cls_loss: 0.0066 loc_loss:0.8577 lr_backbone:0.000239time:1m 9s 
[2023-04-04 00:56:19,153][INFO] [300/423] loss: 0.8935 cls_loss: 0.0067 loc_loss:0.8868 lr_backbone:0.000239time:1m 2s 
[2023-04-04 00:57:24,075][INFO] [350/423] loss: 0.8867 cls_loss: 0.0066 loc_loss:0.8801 lr_backbone:0.000239time:1m 5s 
[2023-04-04 00:58:27,463][INFO] [400/423] loss: 0.9075 cls_loss: 0.0070 loc_loss:0.9004 lr_backbone:0.000239time:1m 3s 
[2023-04-04 00:58:54,799][INFO] Epoch[13/40] Loss: 0.8834  lr_backbone:0.000239 time:116m 17s
[2023-04-04 00:58:54,799][INFO] Epoch 14/40
[2023-04-04 00:58:54,799][INFO] ------------------------------
[2023-04-04 01:00:08,746][INFO] [50/423] loss: 0.8616 cls_loss: 0.0067 loc_loss:0.8548 lr_backbone:0.000230time:1m 14s 
[2023-04-04 01:01:12,519][INFO] [100/423] loss: 0.8622 cls_loss: 0.0068 loc_loss:0.8554 lr_backbone:0.000230time:1m 4s 
[2023-04-04 01:02:14,539][INFO] [150/423] loss: 0.8872 cls_loss: 0.0065 loc_loss:0.8808 lr_backbone:0.000230time:1m 2s 
[2023-04-04 01:03:17,134][INFO] [200/423] loss: 0.8793 cls_loss: 0.0066 loc_loss:0.8727 lr_backbone:0.000230time:1m 3s 
[2023-04-04 01:04:18,459][INFO] [250/423] loss: 0.8616 cls_loss: 0.0060 loc_loss:0.8556 lr_backbone:0.000230time:1m 1s 
[2023-04-04 01:05:21,054][INFO] [300/423] loss: 0.8998 cls_loss: 0.0065 loc_loss:0.8932 lr_backbone:0.000230time:1m 3s 
[2023-04-04 01:06:25,874][INFO] [350/423] loss: 0.8652 cls_loss: 0.0068 loc_loss:0.8584 lr_backbone:0.000230time:1m 5s 
[2023-04-04 01:07:28,936][INFO] [400/423] loss: 0.8767 cls_loss: 0.0070 loc_loss:0.8697 lr_backbone:0.000230time:1m 3s 
[2023-04-04 01:07:57,417][INFO] Epoch[14/40] Loss: 0.8748  lr_backbone:0.000230 time:125m 19s
[2023-04-04 01:07:57,418][INFO] Epoch 15/40
[2023-04-04 01:07:57,418][INFO] ------------------------------
[2023-04-04 01:09:09,019][INFO] [50/423] loss: 0.8688 cls_loss: 0.0065 loc_loss:0.8623 lr_backbone:0.000219time:1m 12s 
[2023-04-04 01:10:15,944][INFO] [100/423] loss: 0.8716 cls_loss: 0.0066 loc_loss:0.8650 lr_backbone:0.000219time:1m 7s 
[2023-04-04 01:11:23,540][INFO] [150/423] loss: 0.8763 cls_loss: 0.0066 loc_loss:0.8697 lr_backbone:0.000219time:1m 8s 
[2023-04-04 01:12:28,540][INFO] [200/423] loss: 0.8636 cls_loss: 0.0077 loc_loss:0.8559 lr_backbone:0.000219time:1m 5s 
[2023-04-04 01:13:28,603][INFO] [250/423] loss: 0.8750 cls_loss: 0.0065 loc_loss:0.8684 lr_backbone:0.000219time:1m 0s 
[2023-04-04 01:14:29,916][INFO] [300/423] loss: 0.8799 cls_loss: 0.0063 loc_loss:0.8735 lr_backbone:0.000219time:1m 1s 
[2023-04-04 01:15:30,638][INFO] [350/423] loss: 0.8731 cls_loss: 0.0074 loc_loss:0.8658 lr_backbone:0.000219time:1m 1s 
[2023-04-04 01:16:30,396][INFO] [400/423] loss: 0.8778 cls_loss: 0.0067 loc_loss:0.8711 lr_backbone:0.000219time:0m 60s 
[2023-04-04 01:16:57,656][INFO] Epoch[15/40] Loss: 0.8729  lr_backbone:0.000219 time:134m 19s
[2023-04-04 01:16:57,656][INFO] Epoch 16/40
[2023-04-04 01:16:57,657][INFO] ------------------------------
[2023-04-04 01:18:03,064][INFO] [50/423] loss: 0.8558 cls_loss: 0.0067 loc_loss:0.8490 lr_backbone:0.000209time:1m 5s 
[2023-04-04 01:19:02,634][INFO] [100/423] loss: 0.8475 cls_loss: 0.0065 loc_loss:0.8410 lr_backbone:0.000209time:0m 60s 
[2023-04-04 01:20:02,218][INFO] [150/423] loss: 0.8294 cls_loss: 0.0066 loc_loss:0.8228 lr_backbone:0.000209time:0m 60s 
[2023-04-04 01:21:01,648][INFO] [200/423] loss: 0.8449 cls_loss: 0.0066 loc_loss:0.8383 lr_backbone:0.000209time:0m 59s 
[2023-04-04 01:22:00,648][INFO] [250/423] loss: 0.8368 cls_loss: 0.0062 loc_loss:0.8306 lr_backbone:0.000209time:0m 59s 
[2023-04-04 01:22:59,976][INFO] [300/423] loss: 0.8481 cls_loss: 0.0062 loc_loss:0.8419 lr_backbone:0.000209time:0m 59s 
[2023-04-04 01:23:59,609][INFO] [350/423] loss: 0.8376 cls_loss: 0.0060 loc_loss:0.8316 lr_backbone:0.000209time:0m 60s 
[2023-04-04 01:25:04,402][INFO] [400/423] loss: 0.8526 cls_loss: 0.0062 loc_loss:0.8464 lr_backbone:0.000209time:1m 5s 
[2023-04-04 01:25:32,634][INFO] Epoch[16/40] Loss: 0.8448  lr_backbone:0.000209 time:142m 54s
[2023-04-04 01:25:32,635][INFO] Epoch 17/40
[2023-04-04 01:25:32,635][INFO] ------------------------------
[2023-04-04 01:26:42,007][INFO] [50/423] loss: 0.8490 cls_loss: 0.0064 loc_loss:0.8427 lr_backbone:0.000198time:1m 9s 
[2023-04-04 01:27:43,476][INFO] [100/423] loss: 0.8691 cls_loss: 0.0065 loc_loss:0.8626 lr_backbone:0.000198time:1m 1s 
[2023-04-04 01:28:43,559][INFO] [150/423] loss: 0.8357 cls_loss: 0.0060 loc_loss:0.8297 lr_backbone:0.000198time:1m 0s 
[2023-04-04 01:29:43,801][INFO] [200/423] loss: 0.8246 cls_loss: 0.0068 loc_loss:0.8178 lr_backbone:0.000198time:1m 0s 
[2023-04-04 01:30:43,996][INFO] [250/423] loss: 0.8192 cls_loss: 0.0069 loc_loss:0.8123 lr_backbone:0.000198time:1m 0s 
[2023-04-04 01:31:46,787][INFO] [300/423] loss: 0.8272 cls_loss: 0.0065 loc_loss:0.8207 lr_backbone:0.000198time:1m 3s 
[2023-04-04 01:32:48,444][INFO] [350/423] loss: 0.8323 cls_loss: 0.0062 loc_loss:0.8261 lr_backbone:0.000198time:1m 2s 
[2023-04-04 01:33:48,069][INFO] [400/423] loss: 0.8189 cls_loss: 0.0065 loc_loss:0.8124 lr_backbone:0.000198time:0m 60s 
[2023-04-04 01:34:14,974][INFO] Epoch[17/40] Loss: 0.8336  lr_backbone:0.000198 time:151m 37s
[2023-04-04 01:34:14,974][INFO] Epoch 18/40
[2023-04-04 01:34:14,975][INFO] ------------------------------
[2023-04-04 01:35:22,866][INFO] [50/423] loss: 0.8563 cls_loss: 0.0065 loc_loss:0.8498 lr_backbone:0.000187time:1m 8s 
[2023-04-04 01:36:24,316][INFO] [100/423] loss: 0.8598 cls_loss: 0.0063 loc_loss:0.8534 lr_backbone:0.000187time:1m 1s 
[2023-04-04 01:37:24,785][INFO] [150/423] loss: 0.8788 cls_loss: 0.0068 loc_loss:0.8720 lr_backbone:0.000187time:1m 0s 
[2023-04-04 01:38:27,272][INFO] [200/423] loss: 0.8735 cls_loss: 0.0065 loc_loss:0.8671 lr_backbone:0.000187time:1m 2s 
[2023-04-04 01:39:28,530][INFO] [250/423] loss: 0.8495 cls_loss: 0.0067 loc_loss:0.8429 lr_backbone:0.000187time:1m 1s 
[2023-04-04 01:40:38,208][INFO] [300/423] loss: 0.8594 cls_loss: 0.0062 loc_loss:0.8532 lr_backbone:0.000187time:1m 10s 
[2023-04-04 01:41:47,995][INFO] [350/423] loss: 0.8866 cls_loss: 0.0067 loc_loss:0.8799 lr_backbone:0.000187time:1m 10s 
[2023-04-04 01:43:03,657][INFO] [400/423] loss: 0.8707 cls_loss: 0.0067 loc_loss:0.8640 lr_backbone:0.000187time:1m 16s 
[2023-04-04 01:43:37,899][INFO] Epoch[18/40] Loss: 0.8685  lr_backbone:0.000187 time:160m 60s
[2023-04-04 01:43:37,900][INFO] Epoch 19/40
[2023-04-04 01:43:37,900][INFO] ------------------------------
[2023-04-04 01:44:49,442][INFO] [50/423] loss: 0.8460 cls_loss: 0.0065 loc_loss:0.8394 lr_backbone:0.000176time:1m 12s 
[2023-04-04 01:45:55,564][INFO] [100/423] loss: 0.8757 cls_loss: 0.0068 loc_loss:0.8689 lr_backbone:0.000176time:1m 6s 
[2023-04-04 01:46:58,722][INFO] [150/423] loss: 0.8772 cls_loss: 0.0064 loc_loss:0.8708 lr_backbone:0.000176time:1m 3s 
[2023-04-04 01:48:03,546][INFO] [200/423] loss: 0.8809 cls_loss: 0.0066 loc_loss:0.8743 lr_backbone:0.000176time:1m 5s 
[2023-04-04 01:49:03,708][INFO] [250/423] loss: 0.8596 cls_loss: 0.0063 loc_loss:0.8533 lr_backbone:0.000176time:1m 0s 
[2023-04-04 01:50:03,622][INFO] [300/423] loss: 0.8740 cls_loss: 0.0066 loc_loss:0.8674 lr_backbone:0.000176time:0m 60s 
[2023-04-04 01:51:03,989][INFO] [350/423] loss: 0.8544 cls_loss: 0.0067 loc_loss:0.8478 lr_backbone:0.000176time:1m 0s 
[2023-04-04 01:52:06,154][INFO] [400/423] loss: 0.8828 cls_loss: 0.0063 loc_loss:0.8765 lr_backbone:0.000176time:1m 2s 
[2023-04-04 01:52:34,598][INFO] Epoch[19/40] Loss: 0.8694  lr_backbone:0.000176 time:169m 56s
[2023-04-04 01:52:34,598][INFO] Epoch 20/40
[2023-04-04 01:52:34,598][INFO] ------------------------------
[2023-04-04 01:53:37,634][INFO] [50/423] loss: 0.8602 cls_loss: 0.0064 loc_loss:0.8537 lr_backbone:0.000164time:1m 3s 
[2023-04-04 01:54:37,038][INFO] [100/423] loss: 0.8738 cls_loss: 0.0064 loc_loss:0.8675 lr_backbone:0.000164time:0m 59s 
[2023-04-04 01:55:36,257][INFO] [150/423] loss: 0.8762 cls_loss: 0.0065 loc_loss:0.8697 lr_backbone:0.000164time:0m 59s 
[2023-04-04 01:56:37,807][INFO] [200/423] loss: 0.8671 cls_loss: 0.0069 loc_loss:0.8602 lr_backbone:0.000164time:1m 2s 
[2023-04-04 01:57:41,775][INFO] [250/423] loss: 0.8583 cls_loss: 0.0065 loc_loss:0.8518 lr_backbone:0.000164time:1m 4s 
[2023-04-04 01:58:42,866][INFO] [300/423] loss: 0.8675 cls_loss: 0.0063 loc_loss:0.8612 lr_backbone:0.000164time:1m 1s 
[2023-04-04 01:59:44,091][INFO] [350/423] loss: 0.8562 cls_loss: 0.0059 loc_loss:0.8503 lr_backbone:0.000164time:1m 1s 
[2023-04-04 02:00:44,439][INFO] [400/423] loss: 0.8556 cls_loss: 0.0062 loc_loss:0.8494 lr_backbone:0.000164time:1m 0s 
[2023-04-04 02:01:11,789][INFO] Epoch[20/40] Loss: 0.8626  lr_backbone:0.000164 time:178m 34s
[2023-04-04 02:01:12,007][INFO] time consume is 3.5762786865234375e-06
[2023-04-04 02:01:12,007][INFO] the final score is 0.0
[2023-04-04 02:01:12,008][INFO] Epoch 21/40
[2023-04-04 02:01:12,008][INFO] ------------------------------
[2023-04-04 02:02:16,377][INFO] [50/423] loss: 0.8331 cls_loss: 0.0071 loc_loss:0.8260 lr_backbone:0.000152time:1m 4s 
[2023-04-04 02:03:16,558][INFO] [100/423] loss: 0.8488 cls_loss: 0.0072 loc_loss:0.8416 lr_backbone:0.000152time:1m 0s 
[2023-04-04 02:04:16,267][INFO] [150/423] loss: 0.8419 cls_loss: 0.0064 loc_loss:0.8355 lr_backbone:0.000152time:0m 60s 
[2023-04-04 02:05:15,804][INFO] [200/423] loss: 0.8265 cls_loss: 0.0065 loc_loss:0.8200 lr_backbone:0.000152time:0m 60s 
[2023-04-04 02:06:15,286][INFO] [250/423] loss: 0.8217 cls_loss: 0.0070 loc_loss:0.8148 lr_backbone:0.000152time:0m 59s 
[2023-04-04 02:07:14,664][INFO] [300/423] loss: 0.8369 cls_loss: 0.0069 loc_loss:0.8300 lr_backbone:0.000152time:0m 59s 
[2023-04-04 02:08:13,823][INFO] [350/423] loss: 0.8194 cls_loss: 0.0062 loc_loss:0.8132 lr_backbone:0.000152time:0m 59s 
[2023-04-04 02:09:12,791][INFO] [400/423] loss: 0.8425 cls_loss: 0.0058 loc_loss:0.8367 lr_backbone:0.000152time:0m 59s 
[2023-04-04 02:09:40,904][INFO] Epoch[21/40] Loss: 0.8338  lr_backbone:0.000152 time:187m 3s
[2023-04-04 02:09:41,112][INFO] time consume is 3.0994415283203125e-06
[2023-04-04 02:09:41,113][INFO] the final score is 0.0
[2023-04-04 02:09:41,113][INFO] Epoch 22/40
[2023-04-04 02:09:41,113][INFO] ------------------------------
[2023-04-04 02:10:47,674][INFO] [50/423] loss: 0.8265 cls_loss: 0.0063 loc_loss:0.8202 lr_backbone:0.000141time:1m 7s 
[2023-04-04 02:11:46,971][INFO] [100/423] loss: 0.8360 cls_loss: 0.0065 loc_loss:0.8296 lr_backbone:0.000141time:0m 59s 
[2023-04-04 02:12:45,901][INFO] [150/423] loss: 0.8293 cls_loss: 0.0065 loc_loss:0.8228 lr_backbone:0.000141time:0m 59s 
[2023-04-04 02:13:44,500][INFO] [200/423] loss: 0.8376 cls_loss: 0.0065 loc_loss:0.8311 lr_backbone:0.000141time:0m 59s 
[2023-04-04 02:14:43,425][INFO] [250/423] loss: 0.8310 cls_loss: 0.0063 loc_loss:0.8247 lr_backbone:0.000141time:0m 59s 
[2023-04-04 02:15:50,758][INFO] [300/423] loss: 0.8335 cls_loss: 0.0059 loc_loss:0.8275 lr_backbone:0.000141time:1m 7s 
[2023-04-04 02:16:59,487][INFO] [350/423] loss: 0.8289 cls_loss: 0.0061 loc_loss:0.8228 lr_backbone:0.000141time:1m 9s 
[2023-04-04 02:18:03,006][INFO] [400/423] loss: 0.8383 cls_loss: 0.0070 loc_loss:0.8312 lr_backbone:0.000141time:1m 4s 
[2023-04-04 02:18:32,485][INFO] Epoch[22/40] Loss: 0.8316  lr_backbone:0.000141 time:195m 54s
[2023-04-04 02:18:32,668][INFO] time consume is 3.337860107421875e-06
[2023-04-04 02:18:32,669][INFO] the final score is 0.0
[2023-04-04 02:18:32,669][INFO] Epoch 23/40
[2023-04-04 02:18:32,669][INFO] ------------------------------
[2023-04-04 02:19:37,438][INFO] [50/423] loss: 0.8505 cls_loss: 0.0063 loc_loss:0.8441 lr_backbone:0.000129time:1m 5s 
[2023-04-04 02:20:37,245][INFO] [100/423] loss: 0.8640 cls_loss: 0.0062 loc_loss:0.8578 lr_backbone:0.000129time:0m 60s 
[2023-04-04 02:21:36,684][INFO] [150/423] loss: 0.8692 cls_loss: 0.0070 loc_loss:0.8622 lr_backbone:0.000129time:0m 59s 
[2023-04-04 02:22:36,958][INFO] [200/423] loss: 0.8654 cls_loss: 0.0067 loc_loss:0.8587 lr_backbone:0.000129time:1m 0s 
[2023-04-04 02:23:37,314][INFO] [250/423] loss: 0.8671 cls_loss: 0.0064 loc_loss:0.8606 lr_backbone:0.000129time:1m 0s 
[2023-04-04 02:24:37,667][INFO] [300/423] loss: 0.8676 cls_loss: 0.0062 loc_loss:0.8615 lr_backbone:0.000129time:1m 0s 
[2023-04-04 02:25:37,479][INFO] [350/423] loss: 0.8408 cls_loss: 0.0063 loc_loss:0.8345 lr_backbone:0.000129time:0m 60s 
[2023-04-04 02:26:37,478][INFO] [400/423] loss: 0.8535 cls_loss: 0.0069 loc_loss:0.8466 lr_backbone:0.000129time:0m 60s 
[2023-04-04 02:27:05,324][INFO] Epoch[23/40] Loss: 0.8613  lr_backbone:0.000129 time:204m 27s
[2023-04-04 02:27:05,526][INFO] time consume is 5.9604644775390625e-06
[2023-04-04 02:27:05,526][INFO] the final score is 0.0
[2023-04-04 02:27:05,526][INFO] Epoch 24/40
[2023-04-04 02:27:05,526][INFO] ------------------------------
[2023-04-04 02:28:12,892][INFO] [50/423] loss: 0.8595 cls_loss: 0.0068 loc_loss:0.8527 lr_backbone:0.000118time:1m 7s 
[2023-04-04 02:29:20,208][INFO] [100/423] loss: 0.8361 cls_loss: 0.0060 loc_loss:0.8300 lr_backbone:0.000118time:1m 7s 
[2023-04-04 02:30:29,722][INFO] [150/423] loss: 0.8802 cls_loss: 0.0068 loc_loss:0.8734 lr_backbone:0.000118time:1m 10s 
[2023-04-04 02:31:39,348][INFO] [200/423] loss: 0.8851 cls_loss: 0.0069 loc_loss:0.8781 lr_backbone:0.000118time:1m 10s 
[2023-04-04 02:32:48,290][INFO] [250/423] loss: 0.8716 cls_loss: 0.0065 loc_loss:0.8651 lr_backbone:0.000118time:1m 9s 
[2023-04-04 02:33:51,532][INFO] [300/423] loss: 0.8515 cls_loss: 0.0058 loc_loss:0.8457 lr_backbone:0.000118time:1m 3s 
[2023-04-04 02:34:52,348][INFO] [350/423] loss: 0.8687 cls_loss: 0.0058 loc_loss:0.8629 lr_backbone:0.000118time:1m 1s 
[2023-04-04 02:35:53,542][INFO] [400/423] loss: 0.8595 cls_loss: 0.0059 loc_loss:0.8536 lr_backbone:0.000118time:1m 1s 
[2023-04-04 02:36:22,349][INFO] Epoch[24/40] Loss: 0.8618  lr_backbone:0.000118 time:213m 44s
[2023-04-04 02:36:22,579][INFO] time consume is 5.245208740234375e-06
[2023-04-04 02:36:22,580][INFO] the final score is 0.0
[2023-04-04 02:36:22,580][INFO] Epoch 25/40
[2023-04-04 02:36:22,580][INFO] ------------------------------
[2023-04-04 02:37:33,444][INFO] [50/423] loss: 0.8557 cls_loss: 0.0066 loc_loss:0.8491 lr_backbone:0.000107time:1m 11s 
[2023-04-04 02:38:38,787][INFO] [100/423] loss: 0.8442 cls_loss: 0.0062 loc_loss:0.8381 lr_backbone:0.000107time:1m 5s 
[2023-04-04 02:39:47,389][INFO] [150/423] loss: 0.8585 cls_loss: 0.0064 loc_loss:0.8520 lr_backbone:0.000107time:1m 9s 
[2023-04-04 02:40:51,510][INFO] [200/423] loss: 0.8423 cls_loss: 0.0063 loc_loss:0.8361 lr_backbone:0.000107time:1m 4s 
[2023-04-04 02:41:53,156][INFO] [250/423] loss: 0.8684 cls_loss: 0.0069 loc_loss:0.8616 lr_backbone:0.000107time:1m 2s 
[2023-04-04 02:42:59,432][INFO] [300/423] loss: 0.8581 cls_loss: 0.0069 loc_loss:0.8512 lr_backbone:0.000107time:1m 6s 
[2023-04-04 02:44:01,098][INFO] [350/423] loss: 0.8591 cls_loss: 0.0058 loc_loss:0.8533 lr_backbone:0.000107time:1m 2s 
[2023-04-04 02:45:02,980][INFO] [400/423] loss: 0.8487 cls_loss: 0.0062 loc_loss:0.8424 lr_backbone:0.000107time:1m 2s 
[2023-04-04 02:45:30,944][INFO] Epoch[25/40] Loss: 0.8543  lr_backbone:0.000107 time:222m 53s
[2023-04-04 02:45:31,118][INFO] time consume is 5.7220458984375e-06
[2023-04-04 02:45:31,118][INFO] the final score is 0.0
[2023-04-04 02:45:31,119][INFO] Epoch 26/40
[2023-04-04 02:45:31,119][INFO] ------------------------------
[2023-04-04 02:46:40,796][INFO] [50/423] loss: 0.8377 cls_loss: 0.0067 loc_loss:0.8311 lr_backbone:0.000096time:1m 10s 
[2023-04-04 02:47:42,880][INFO] [100/423] loss: 0.8461 cls_loss: 0.0070 loc_loss:0.8391 lr_backbone:0.000096time:1m 2s 
[2023-04-04 02:48:46,000][INFO] [150/423] loss: 0.8408 cls_loss: 0.0058 loc_loss:0.8350 lr_backbone:0.000096time:1m 3s 
[2023-04-04 02:49:47,125][INFO] [200/423] loss: 0.8407 cls_loss: 0.0065 loc_loss:0.8342 lr_backbone:0.000096time:1m 1s 
[2023-04-04 02:50:51,098][INFO] [250/423] loss: 0.8538 cls_loss: 0.0063 loc_loss:0.8475 lr_backbone:0.000096time:1m 4s 
[2023-04-04 02:51:51,902][INFO] [300/423] loss: 0.8365 cls_loss: 0.0071 loc_loss:0.8294 lr_backbone:0.000096time:1m 1s 
[2023-04-04 02:52:52,704][INFO] [350/423] loss: 0.8355 cls_loss: 0.0061 loc_loss:0.8293 lr_backbone:0.000096time:1m 1s 
[2023-04-04 02:53:52,643][INFO] [400/423] loss: 0.8457 cls_loss: 0.0060 loc_loss:0.8397 lr_backbone:0.000096time:0m 60s 
[2023-04-04 02:54:19,184][INFO] Epoch[26/40] Loss: 0.8433  lr_backbone:0.000096 time:231m 41s
[2023-04-04 02:54:19,439][INFO] time consume is 4.76837158203125e-06
[2023-04-04 02:54:19,439][INFO] the final score is 0.0
[2023-04-04 02:54:19,439][INFO] Epoch 27/40
[2023-04-04 02:54:19,439][INFO] ------------------------------
[2023-04-04 02:55:22,448][INFO] [50/423] loss: 0.8585 cls_loss: 0.0064 loc_loss:0.8521 lr_backbone:0.000086time:1m 3s 
[2023-04-04 02:56:22,323][INFO] [100/423] loss: 0.8456 cls_loss: 0.0059 loc_loss:0.8396 lr_backbone:0.000086time:0m 60s 
[2023-04-04 02:57:21,160][INFO] [150/423] loss: 0.8365 cls_loss: 0.0062 loc_loss:0.8303 lr_backbone:0.000086time:0m 59s 
[2023-04-04 02:58:20,240][INFO] [200/423] loss: 0.8430 cls_loss: 0.0059 loc_loss:0.8372 lr_backbone:0.000086time:0m 59s 
[2023-04-04 02:59:19,703][INFO] [250/423] loss: 0.8581 cls_loss: 0.0065 loc_loss:0.8516 lr_backbone:0.000086time:0m 59s 
[2023-04-04 03:00:18,950][INFO] [300/423] loss: 0.8410 cls_loss: 0.0066 loc_loss:0.8344 lr_backbone:0.000086time:0m 59s 
[2023-04-04 03:01:20,636][INFO] [350/423] loss: 0.8153 cls_loss: 0.0057 loc_loss:0.8096 lr_backbone:0.000086time:1m 2s 
[2023-04-04 03:02:19,716][INFO] [400/423] loss: 0.8464 cls_loss: 0.0063 loc_loss:0.8401 lr_backbone:0.000086time:0m 59s 
[2023-04-04 03:02:48,481][INFO] Epoch[27/40] Loss: 0.8433  lr_backbone:0.000086 time:240m 10s
[2023-04-04 03:02:48,649][INFO] time consume is 3.5762786865234375e-06
[2023-04-04 03:02:48,650][INFO] the final score is 0.0
[2023-04-04 03:02:48,650][INFO] Epoch 28/40
[2023-04-04 03:02:48,650][INFO] ------------------------------
[2023-04-04 03:03:57,642][INFO] [50/423] loss: 0.8393 cls_loss: 0.0059 loc_loss:0.8334 lr_backbone:0.000075time:1m 9s 
[2023-04-04 03:05:01,238][INFO] [100/423] loss: 0.8511 cls_loss: 0.0062 loc_loss:0.8449 lr_backbone:0.000075time:1m 4s 
[2023-04-04 03:06:07,331][INFO] [150/423] loss: 0.8669 cls_loss: 0.0061 loc_loss:0.8608 lr_backbone:0.000075time:1m 6s 
[2023-04-04 03:07:07,585][INFO] [200/423] loss: 0.8590 cls_loss: 0.0064 loc_loss:0.8526 lr_backbone:0.000075time:1m 0s 
[2023-04-04 03:08:08,692][INFO] [250/423] loss: 0.8456 cls_loss: 0.0070 loc_loss:0.8386 lr_backbone:0.000075time:1m 1s 
[2023-04-04 03:09:09,354][INFO] [300/423] loss: 0.8668 cls_loss: 0.0062 loc_loss:0.8606 lr_backbone:0.000075time:1m 1s 
[2023-04-04 03:10:09,270][INFO] [350/423] loss: 0.8851 cls_loss: 0.0064 loc_loss:0.8787 lr_backbone:0.000075time:0m 60s 
[2023-04-04 03:11:10,783][INFO] [400/423] loss: 0.8358 cls_loss: 0.0059 loc_loss:0.8299 lr_backbone:0.000075time:1m 2s 
[2023-04-04 03:11:38,872][INFO] Epoch[28/40] Loss: 0.8542  lr_backbone:0.000075 time:249m 1s
[2023-04-04 03:11:39,072][INFO] time consume is 3.814697265625e-06
[2023-04-04 03:11:39,072][INFO] the final score is 0.0
[2023-04-04 03:11:39,072][INFO] Epoch 29/40
[2023-04-04 03:11:39,072][INFO] ------------------------------
[2023-04-04 03:12:48,807][INFO] [50/423] loss: 0.8361 cls_loss: 0.0063 loc_loss:0.8298 lr_backbone:0.000066time:1m 10s 
[2023-04-04 03:13:53,130][INFO] [100/423] loss: 0.8539 cls_loss: 0.0066 loc_loss:0.8473 lr_backbone:0.000066time:1m 4s 
[2023-04-04 03:14:56,138][INFO] [150/423] loss: 0.8465 cls_loss: 0.0061 loc_loss:0.8404 lr_backbone:0.000066time:1m 3s 
[2023-04-04 03:15:58,144][INFO] [200/423] loss: 0.8559 cls_loss: 0.0061 loc_loss:0.8497 lr_backbone:0.000066time:1m 2s 
[2023-04-04 03:16:59,454][INFO] [250/423] loss: 0.8350 cls_loss: 0.0057 loc_loss:0.8293 lr_backbone:0.000066time:1m 1s 
[2023-04-04 03:18:00,874][INFO] [300/423] loss: 0.8475 cls_loss: 0.0064 loc_loss:0.8411 lr_backbone:0.000066time:1m 1s 
[2023-04-04 03:19:01,458][INFO] [350/423] loss: 0.8697 cls_loss: 0.0061 loc_loss:0.8636 lr_backbone:0.000066time:1m 1s 
[2023-04-04 03:20:03,121][INFO] [400/423] loss: 0.8703 cls_loss: 0.0069 loc_loss:0.8634 lr_backbone:0.000066time:1m 2s 
[2023-04-04 03:20:29,956][INFO] Epoch[29/40] Loss: 0.8512  lr_backbone:0.000066 time:257m 52s
[2023-04-04 03:20:30,144][INFO] time consume is 5.245208740234375e-06
[2023-04-04 03:20:30,145][INFO] the final score is 0.0
[2023-04-04 03:20:30,145][INFO] Epoch 30/40
[2023-04-04 03:20:30,145][INFO] ------------------------------
[2023-04-04 03:21:36,111][INFO] [50/423] loss: 0.8581 cls_loss: 0.0070 loc_loss:0.8511 lr_backbone:0.000057time:1m 6s 
[2023-04-04 03:22:39,527][INFO] [100/423] loss: 0.8504 cls_loss: 0.0061 loc_loss:0.8443 lr_backbone:0.000057time:1m 3s 
[2023-04-04 03:23:40,804][INFO] [150/423] loss: 0.8501 cls_loss: 0.0070 loc_loss:0.8432 lr_backbone:0.000057time:1m 1s 
[2023-04-04 03:24:40,627][INFO] [200/423] loss: 0.8644 cls_loss: 0.0060 loc_loss:0.8583 lr_backbone:0.000057time:0m 60s 
[2023-04-04 03:25:39,882][INFO] [250/423] loss: 0.8593 cls_loss: 0.0059 loc_loss:0.8534 lr_backbone:0.000057time:0m 59s 
[2023-04-04 03:26:40,025][INFO] [300/423] loss: 0.8469 cls_loss: 0.0061 loc_loss:0.8409 lr_backbone:0.000057time:1m 0s 
[2023-04-04 03:27:39,079][INFO] [350/423] loss: 0.8530 cls_loss: 0.0062 loc_loss:0.8468 lr_backbone:0.000057time:0m 59s 
[2023-04-04 03:28:38,153][INFO] [400/423] loss: 0.8465 cls_loss: 0.0055 loc_loss:0.8410 lr_backbone:0.000057time:0m 59s 
[2023-04-04 03:29:04,559][INFO] Epoch[30/40] Loss: 0.8536  lr_backbone:0.000057 time:266m 26s
[2023-04-04 03:50:45,548][INFO] original:3m:0.21482196482196483  5m:0.41523666523666525  10m:0.6918346918346918  20m:0.8174603174603174  30m:0.8378378378378378  40m:0.8500286000286  50m:0.8654726154726154
[2023-04-04 03:50:45,548][INFO] bias   :3m:0.2256899756899757  5m:0.43847418847418845  10m:0.7178249678249679  20m:0.8196053196053196  30m:0.8368010868010868  40m:0.8485628485628486  50m:0.864972114972115
[2023-04-04 03:50:45,549][INFO] time consume is 1300.815982580185
[2023-04-04 03:50:45,549][INFO] the final score is 0.7526909514856406
[2023-04-04 03:50:45,549][INFO] the final score_bias is 0.7571587949272965
[2023-04-04 03:50:45,549][INFO] Epoch 31/40
[2023-04-04 03:50:45,549][INFO] ------------------------------
[2023-04-04 03:51:48,593][INFO] [50/423] loss: 0.8446 cls_loss: 0.0068 loc_loss:0.8378 lr_backbone:0.000048time:1m 3s 
[2023-04-04 03:52:48,100][INFO] [100/423] loss: 0.8497 cls_loss: 0.0061 loc_loss:0.8436 lr_backbone:0.000048time:0m 60s 
[2023-04-04 03:53:47,658][INFO] [150/423] loss: 0.8458 cls_loss: 0.0061 loc_loss:0.8396 lr_backbone:0.000048time:0m 60s 
[2023-04-04 03:54:47,555][INFO] [200/423] loss: 0.8441 cls_loss: 0.0061 loc_loss:0.8381 lr_backbone:0.000048time:0m 60s 
[2023-04-04 03:55:47,203][INFO] [250/423] loss: 0.8565 cls_loss: 0.0064 loc_loss:0.8501 lr_backbone:0.000048time:0m 60s 
[2023-04-04 03:56:46,384][INFO] [300/423] loss: 0.8627 cls_loss: 0.0059 loc_loss:0.8567 lr_backbone:0.000048time:0m 59s 
[2023-04-04 03:57:45,609][INFO] [350/423] loss: 0.8424 cls_loss: 0.0061 loc_loss:0.8363 lr_backbone:0.000048time:0m 59s 
[2023-04-04 03:58:44,720][INFO] [400/423] loss: 0.8545 cls_loss: 0.0059 loc_loss:0.8486 lr_backbone:0.000048time:0m 59s 
[2023-04-04 03:59:11,475][INFO] Epoch[31/40] Loss: 0.8505  lr_backbone:0.000048 time:296m 33s
[2023-04-04 03:59:12,021][INFO] time consume is 6.198883056640625e-06
[2023-04-04 03:59:12,021][INFO] the final score is 0.0
[2023-04-04 03:59:12,021][INFO] Epoch 32/40
[2023-04-04 03:59:12,022][INFO] ------------------------------
[2023-04-04 04:00:16,414][INFO] [50/423] loss: 0.8427 cls_loss: 0.0057 loc_loss:0.8369 lr_backbone:0.000040time:1m 4s 
[2023-04-04 04:01:15,856][INFO] [100/423] loss: 0.8678 cls_loss: 0.0073 loc_loss:0.8605 lr_backbone:0.000040time:0m 59s 
[2023-04-04 04:02:15,671][INFO] [150/423] loss: 0.8459 cls_loss: 0.0069 loc_loss:0.8390 lr_backbone:0.000040time:0m 60s 
[2023-04-04 04:03:15,217][INFO] [200/423] loss: 0.8796 cls_loss: 0.0063 loc_loss:0.8733 lr_backbone:0.000040time:0m 60s 
[2023-04-04 04:04:14,123][INFO] [250/423] loss: 0.8312 cls_loss: 0.0059 loc_loss:0.8253 lr_backbone:0.000040time:0m 59s 
[2023-04-04 04:05:12,521][INFO] [300/423] loss: 0.8387 cls_loss: 0.0060 loc_loss:0.8327 lr_backbone:0.000040time:0m 58s 
[2023-04-04 04:06:12,360][INFO] [350/423] loss: 0.8670 cls_loss: 0.0062 loc_loss:0.8608 lr_backbone:0.000040time:0m 60s 
[2023-04-04 04:07:11,250][INFO] [400/423] loss: 0.8459 cls_loss: 0.0060 loc_loss:0.8399 lr_backbone:0.000040time:0m 59s 
[2023-04-04 04:07:38,103][INFO] Epoch[32/40] Loss: 0.8528  lr_backbone:0.000040 time:304m 60s
[2023-04-04 04:29:22,498][INFO] original:3m:0.21503646503646504  5m:0.4142356642356642  10m:0.6915665665665666  20m:0.8173173173173173  30m:0.8378020878020878  40m:0.8498140998140998  50m:0.8654368654368655
[2023-04-04 04:29:22,498][INFO] bias   :3m:0.2262977262977263  5m:0.4401365651365651  10m:0.7187544687544688  20m:0.8194086944086945  30m:0.8367832117832118  40m:0.8484019734019734  50m:0.86498998998999
[2023-04-04 04:29:22,499][INFO] time consume is 1304.188686132431
[2023-04-04 04:29:22,499][INFO] the final score is 0.7524648083365092
[2023-04-04 04:29:22,499][INFO] the final score_bias is 0.7573786788946458
[2023-04-04 04:29:22,500][INFO] Epoch 33/40
[2023-04-04 04:29:22,500][INFO] ------------------------------
[2023-04-04 04:30:25,636][INFO] [50/423] loss: 0.8633 cls_loss: 0.0060 loc_loss:0.8573 lr_backbone:0.000033time:1m 3s 
[2023-04-04 04:31:24,691][INFO] [100/423] loss: 0.8797 cls_loss: 0.0066 loc_loss:0.8731 lr_backbone:0.000033time:0m 59s 
[2023-04-04 04:32:23,819][INFO] [150/423] loss: 0.8421 cls_loss: 0.0060 loc_loss:0.8362 lr_backbone:0.000033time:0m 59s 
[2023-04-04 04:33:23,890][INFO] [200/423] loss: 0.8626 cls_loss: 0.0067 loc_loss:0.8559 lr_backbone:0.000033time:1m 0s 
[2023-04-04 04:34:23,253][INFO] [250/423] loss: 0.8582 cls_loss: 0.0063 loc_loss:0.8519 lr_backbone:0.000033time:0m 59s 
[2023-04-04 04:35:22,484][INFO] [300/423] loss: 0.8290 cls_loss: 0.0055 loc_loss:0.8235 lr_backbone:0.000033time:0m 59s 
[2023-04-04 04:36:21,704][INFO] [350/423] loss: 0.8558 cls_loss: 0.0070 loc_loss:0.8488 lr_backbone:0.000033time:0m 59s 
[2023-04-04 04:37:19,977][INFO] [400/423] loss: 0.8560 cls_loss: 0.0063 loc_loss:0.8497 lr_backbone:0.000033time:0m 58s 
[2023-04-04 04:37:46,607][INFO] Epoch[33/40] Loss: 0.8543  lr_backbone:0.000033 time:335m 8s
[2023-04-04 04:37:46,811][INFO] time consume is 1.1444091796875e-05
[2023-04-04 04:37:46,811][INFO] the final score is 0.0
[2023-04-04 04:37:46,812][INFO] Epoch 34/40
[2023-04-04 04:37:46,812][INFO] ------------------------------
[2023-04-04 04:38:48,198][INFO] [50/423] loss: 0.8528 cls_loss: 0.0062 loc_loss:0.8467 lr_backbone:0.000027time:1m 1s 
[2023-04-04 04:39:46,309][INFO] [100/423] loss: 0.8419 cls_loss: 0.0065 loc_loss:0.8353 lr_backbone:0.000027time:0m 58s 
[2023-04-04 04:40:44,520][INFO] [150/423] loss: 0.8508 cls_loss: 0.0063 loc_loss:0.8445 lr_backbone:0.000027time:0m 58s 
[2023-04-04 04:41:42,928][INFO] [200/423] loss: 0.8413 cls_loss: 0.0057 loc_loss:0.8356 lr_backbone:0.000027time:0m 58s 
[2023-04-04 04:42:41,160][INFO] [250/423] loss: 0.8322 cls_loss: 0.0063 loc_loss:0.8258 lr_backbone:0.000027time:0m 58s 
[2023-04-04 04:43:39,275][INFO] [300/423] loss: 0.8525 cls_loss: 0.0070 loc_loss:0.8455 lr_backbone:0.000027time:0m 58s 
[2023-04-04 04:44:37,077][INFO] [350/423] loss: 0.8422 cls_loss: 0.0056 loc_loss:0.8366 lr_backbone:0.000027time:0m 58s 
[2023-04-04 04:45:35,218][INFO] [400/423] loss: 0.8374 cls_loss: 0.0060 loc_loss:0.8314 lr_backbone:0.000027time:0m 58s 
[2023-04-04 04:46:01,567][INFO] Epoch[34/40] Loss: 0.8451  lr_backbone:0.000027 time:343m 23s
[2023-04-04 05:06:58,167][INFO] original:3m:0.21396396396396397  5m:0.4131154964488298  10m:0.6911673578340245  20m:0.8176748176748176  30m:0.8381953381953382  40m:0.8501716001716002  50m:0.8659135325801992
[2023-04-04 05:06:58,167][INFO] bias   :3m:0.22576147576147576  5m:0.4394275227608561  10m:0.7184565517898851  20m:0.8196172362839029  30m:0.8372777539444206  40m:0.8487654320987654  50m:0.865317698651032
[2023-04-04 05:06:58,168][INFO] time consume is 1256.4153909683228
[2023-04-04 05:06:58,168][INFO] the final score is 0.7527509594813603
[2023-04-04 05:06:58,168][INFO] the final score_bias is 0.7578413326417472
[2023-04-04 05:06:58,168][INFO] Epoch 35/40
[2023-04-04 05:06:58,168][INFO] ------------------------------
[2023-04-04 05:08:37,395][INFO] [50/423] loss: 0.8538 cls_loss: 0.0061 loc_loss:0.8477 lr_backbone:0.000021time:1m 39s 
[2023-04-04 05:09:40,529][INFO] [100/423] loss: 0.8487 cls_loss: 0.0062 loc_loss:0.8425 lr_backbone:0.000021time:1m 3s 
[2023-04-04 05:10:41,199][INFO] [150/423] loss: 0.8480 cls_loss: 0.0065 loc_loss:0.8415 lr_backbone:0.000021time:1m 1s 
[2023-04-04 05:11:41,168][INFO] [200/423] loss: 0.8333 cls_loss: 0.0059 loc_loss:0.8274 lr_backbone:0.000021time:0m 60s 
[2023-04-04 05:12:39,690][INFO] [250/423] loss: 0.8383 cls_loss: 0.0056 loc_loss:0.8327 lr_backbone:0.000021time:0m 59s 
[2023-04-04 05:13:38,346][INFO] [300/423] loss: 0.8484 cls_loss: 0.0059 loc_loss:0.8425 lr_backbone:0.000021time:0m 59s 
[2023-04-04 05:14:36,574][INFO] [350/423] loss: 0.8537 cls_loss: 0.0059 loc_loss:0.8479 lr_backbone:0.000021time:0m 58s 
[2023-04-04 05:15:35,171][INFO] [400/423] loss: 0.8367 cls_loss: 0.0055 loc_loss:0.8312 lr_backbone:0.000021time:0m 59s 
[2023-04-04 05:16:01,722][INFO] Epoch[35/40] Loss: 0.8464  lr_backbone:0.000021 time:373m 24s
[2023-04-04 05:16:01,924][INFO] time consume is 1.4066696166992188e-05
[2023-04-04 05:16:01,924][INFO] the final score is 0.0
[2023-04-04 05:16:01,924][INFO] Epoch 36/40
[2023-04-04 05:16:01,924][INFO] ------------------------------
[2023-04-04 05:17:05,618][INFO] [50/423] loss: 0.8673 cls_loss: 0.0072 loc_loss:0.8601 lr_backbone:0.000016time:1m 4s 
[2023-04-04 05:18:05,298][INFO] [100/423] loss: 0.8454 cls_loss: 0.0057 loc_loss:0.8397 lr_backbone:0.000016time:0m 60s 
[2023-04-04 05:19:04,152][INFO] [150/423] loss: 0.8432 cls_loss: 0.0059 loc_loss:0.8373 lr_backbone:0.000016time:0m 59s 
[2023-04-04 05:20:02,909][INFO] [200/423] loss: 0.8602 cls_loss: 0.0063 loc_loss:0.8539 lr_backbone:0.000016time:0m 59s 
[2023-04-04 05:21:01,661][INFO] [250/423] loss: 0.8318 cls_loss: 0.0066 loc_loss:0.8253 lr_backbone:0.000016time:0m 59s 
[2023-04-04 05:22:02,452][INFO] [300/423] loss: 0.8606 cls_loss: 0.0063 loc_loss:0.8543 lr_backbone:0.000016time:1m 1s 
[2023-04-04 05:23:02,060][INFO] [350/423] loss: 0.8508 cls_loss: 0.0058 loc_loss:0.8450 lr_backbone:0.000016time:0m 60s 
[2023-04-04 05:24:01,489][INFO] [400/423] loss: 0.8456 cls_loss: 0.0061 loc_loss:0.8395 lr_backbone:0.000016time:0m 59s 
[2023-04-04 05:24:28,780][INFO] Epoch[36/40] Loss: 0.8518  lr_backbone:0.000016 time:381m 51s
[2023-04-04 05:45:11,435][INFO] original:3m:0.21427677677677678  5m:0.4134670384670385  10m:0.6916023166023166  20m:0.8181931931931932  30m:0.8386600886600887  40m:0.8505827255827256  50m:0.8664736164736164
[2023-04-04 05:45:11,435][INFO] bias   :3m:0.225502288002288  5m:0.44026169026169026  10m:0.7194247819247819  20m:0.8200879450879451  30m:0.8377484627484627  40m:0.8491705991705991  50m:0.8658390533390533
[2023-04-04 05:45:11,435][INFO] time consume is 1242.4587905406952
[2023-04-04 05:45:11,435][INFO] the final score is 0.7541546733069112
[2023-04-04 05:45:11,435][INFO] the final score_bias is 0.7595591877275033
[2023-04-04 05:45:11,436][INFO] Epoch 37/40
[2023-04-04 05:45:11,436][INFO] ------------------------------
[2023-04-04 05:46:12,109][INFO] [50/423] loss: 0.8538 cls_loss: 0.0066 loc_loss:0.8473 lr_backbone:0.000012time:1m 1s 
[2023-04-04 05:47:10,627][INFO] [100/423] loss: 0.8580 cls_loss: 0.0068 loc_loss:0.8512 lr_backbone:0.000012time:0m 59s 
[2023-04-04 05:48:17,944][INFO] [150/423] loss: 0.8398 cls_loss: 0.0059 loc_loss:0.8339 lr_backbone:0.000012time:1m 7s 
[2023-04-04 05:49:26,014][INFO] [200/423] loss: 0.8378 cls_loss: 0.0056 loc_loss:0.8323 lr_backbone:0.000012time:1m 8s 
[2023-04-04 05:51:00,597][INFO] [250/423] loss: 0.8578 cls_loss: 0.0063 loc_loss:0.8516 lr_backbone:0.000012time:1m 35s 
[2023-04-04 05:51:59,878][INFO] [300/423] loss: 0.8383 cls_loss: 0.0060 loc_loss:0.8323 lr_backbone:0.000012time:0m 59s 
[2023-04-04 05:52:58,239][INFO] [350/423] loss: 0.8382 cls_loss: 0.0057 loc_loss:0.8325 lr_backbone:0.000012time:0m 58s 
[2023-04-04 05:53:55,601][INFO] [400/423] loss: 0.8388 cls_loss: 0.0072 loc_loss:0.8316 lr_backbone:0.000012time:0m 57s 
[2023-04-04 05:54:21,735][INFO] Epoch[37/40] Loss: 0.8447  lr_backbone:0.000012 time:411m 44s
[2023-04-04 05:54:21,945][INFO] time consume is 5.9604644775390625e-06
[2023-04-04 05:54:21,945][INFO] the final score is 0.0
[2023-04-04 05:54:21,945][INFO] Epoch 38/40
[2023-04-04 05:54:21,946][INFO] ------------------------------
[2023-04-04 05:55:24,131][INFO] [50/423] loss: 0.8449 cls_loss: 0.0065 loc_loss:0.8384 lr_backbone:0.000009time:1m 2s 
[2023-04-04 05:56:23,568][INFO] [100/423] loss: 0.8455 cls_loss: 0.0067 loc_loss:0.8388 lr_backbone:0.000009time:0m 59s 
[2023-04-04 05:57:23,356][INFO] [150/423] loss: 0.8603 cls_loss: 0.0059 loc_loss:0.8545 lr_backbone:0.000009time:0m 60s 
[2023-04-04 05:58:22,630][INFO] [200/423] loss: 0.8483 cls_loss: 0.0058 loc_loss:0.8425 lr_backbone:0.000009time:0m 59s 
[2023-04-04 05:59:22,129][INFO] [250/423] loss: 0.8379 cls_loss: 0.0064 loc_loss:0.8315 lr_backbone:0.000009time:0m 59s 
[2023-04-04 06:00:21,515][INFO] [300/423] loss: 0.8406 cls_loss: 0.0058 loc_loss:0.8348 lr_backbone:0.000009time:0m 59s 
[2023-04-04 06:01:21,460][INFO] [350/423] loss: 0.8268 cls_loss: 0.0058 loc_loss:0.8210 lr_backbone:0.000009time:0m 60s 
[2023-04-04 06:02:20,272][INFO] [400/423] loss: 0.8553 cls_loss: 0.0062 loc_loss:0.8492 lr_backbone:0.000009time:0m 59s 
[2023-04-04 06:02:46,978][INFO] Epoch[38/40] Loss: 0.8452  lr_backbone:0.000009 time:420m 9s
[2023-04-04 06:23:12,321][INFO] original:3m:0.21453596453596455  5m:0.41366366366366364  10m:0.6918775918775919  20m:0.8184041184041184  30m:0.8388245388245388  40m:0.8507150007150007  50m:0.8665951665951666
[2023-04-04 06:23:12,322][INFO] bias   :3m:0.22556127556127556  5m:0.4408265408265408  10m:0.71999856999857  20m:0.8202774202774202  30m:0.8379093379093379  40m:0.8492563992563993  50m:0.865973115973116
[2023-04-04 06:23:12,322][INFO] time consume is 1224.7755055427551
[2023-04-04 06:23:12,323][INFO] the final score is 0.753556497085708
[2023-04-04 06:23:12,323][INFO] the final score_bias is 0.7588592833870272
[2023-04-04 06:23:12,323][INFO] Epoch 39/40
[2023-04-04 06:23:12,323][INFO] ------------------------------
[2023-04-04 06:24:12,464][INFO] [50/423] loss: 0.8629 cls_loss: 0.0068 loc_loss:0.8561 lr_backbone:0.000007time:1m 0s 
[2023-04-04 06:25:09,784][INFO] [100/423] loss: 0.8569 cls_loss: 0.0059 loc_loss:0.8510 lr_backbone:0.000007time:0m 57s 
[2023-04-04 06:26:06,982][INFO] [150/423] loss: 0.8503 cls_loss: 0.0056 loc_loss:0.8447 lr_backbone:0.000007time:0m 57s 
[2023-04-04 06:27:04,450][INFO] [200/423] loss: 0.8565 cls_loss: 0.0063 loc_loss:0.8502 lr_backbone:0.000007time:0m 57s 
[2023-04-04 06:28:02,656][INFO] [250/423] loss: 0.8597 cls_loss: 0.0068 loc_loss:0.8529 lr_backbone:0.000007time:0m 58s 
[2023-04-04 06:29:01,001][INFO] [300/423] loss: 0.8592 cls_loss: 0.0060 loc_loss:0.8531 lr_backbone:0.000007time:0m 58s 
[2023-04-04 06:30:00,283][INFO] [350/423] loss: 0.8651 cls_loss: 0.0057 loc_loss:0.8594 lr_backbone:0.000007time:0m 59s 
[2023-04-04 06:30:59,386][INFO] [400/423] loss: 0.8555 cls_loss: 0.0062 loc_loss:0.8493 lr_backbone:0.000007time:0m 59s 
[2023-04-04 06:31:26,177][INFO] Epoch[39/40] Loss: 0.8571  lr_backbone:0.000007 time:448m 48s
[2023-04-04 06:31:26,408][INFO] time consume is 1.049041748046875e-05
[2023-04-04 06:31:26,408][INFO] the final score is 0.0
[2023-04-04 06:31:26,408][INFO] Epoch 40/40
[2023-04-04 06:31:26,408][INFO] ------------------------------
[2023-04-04 06:32:29,089][INFO] [50/423] loss: 0.8554 cls_loss: 0.0066 loc_loss:0.8488 lr_backbone:0.000005time:1m 3s 
[2023-04-04 06:33:27,527][INFO] [100/423] loss: 0.8321 cls_loss: 0.0060 loc_loss:0.8261 lr_backbone:0.000005time:0m 58s 
[2023-04-04 06:34:25,941][INFO] [150/423] loss: 0.8304 cls_loss: 0.0057 loc_loss:0.8247 lr_backbone:0.000005time:0m 58s 
[2023-04-04 06:35:23,721][INFO] [200/423] loss: 0.8494 cls_loss: 0.0063 loc_loss:0.8431 lr_backbone:0.000005time:0m 58s 
[2023-04-04 06:36:22,517][INFO] [250/423] loss: 0.8503 cls_loss: 0.0063 loc_loss:0.8440 lr_backbone:0.000005time:0m 59s 
[2023-04-04 06:37:21,032][INFO] [300/423] loss: 0.8625 cls_loss: 0.0063 loc_loss:0.8563 lr_backbone:0.000005time:0m 59s 
[2023-04-04 06:38:19,523][INFO] [350/423] loss: 0.8431 cls_loss: 0.0057 loc_loss:0.8375 lr_backbone:0.000005time:0m 58s 
[2023-04-04 06:39:18,173][INFO] [400/423] loss: 0.8468 cls_loss: 0.0061 loc_loss:0.8407 lr_backbone:0.000005time:0m 59s 
[2023-04-04 06:39:44,625][INFO] Epoch[40/40] Loss: 0.8471  lr_backbone:0.000005 time:457m 6s
[2023-04-04 06:59:52,788][INFO] original:3m:0.2147623814290481  5m:0.41401520568187233  10m:0.6921683588350255  20m:0.818651985318652  30m:0.839053339053339  40m:0.8509283092616426  50m:0.8668251584918252
[2023-04-04 06:59:52,788][INFO] bias   :3m:0.2255588922255589  5m:0.4411256494589828  10m:0.7201904285237618  20m:0.8204692788026121  30m:0.8381417131417132  40m:0.8494506411173078  50m:0.8661756995090328
[2023-04-04 06:59:52,789][INFO] time consume is 1207.9635908603668
[2023-04-04 06:59:52,789][INFO] the final score is 0.754381210063941
[2023-04-04 06:59:52,790][INFO] the final score_bias is 0.7591389068765656
